Sat Feb 28 12:32:28 EST 2026
Errors:
mkdir: processed_logs/: File exists
mkdir: quarantine/: File exists
Sat Feb 28 12:36:31 EST 2026
Errors:
mkdir: processed_logs/: File exists
mkdir: quarantine/: File exists
Sat Feb 28 12:39:35 EST 2026
Errors:
mkdir: processed_logs/: File exists
mkdir: quarantine/: File exists
Wed Mar  4 14:11:29 EST 2026
Errors:
mkdir: processed_logs/: File exists
mkdir: quarantine/: File exists
Wed Mar  4 14:14:35 EST 2026
Errors:
mkdir: processed_logs/: File exists
mkdir: quarantine/: File exists
Wed Mar  4 14:15:06 EST 2026
Errors:
mkdir: processed_logs/: File exists
mkdir: quarantine/: File exists
Wed Mar  4 14:16:15 EST 2026
Errors:
mkdir: processed_logs/: File exists
mkdir: quarantine/: File exists
